# JRE version: Java(TM) SE Runtime Environment (8.0-b132) (build 1.8.0-b132)
# Java VM: Java HotSpot(TM) 64-Bit Server VM (25.0-b70 mixed mode linux-amd64 compressed oops)
Heap:
 PSYoungGen      total 111616K, used 34256K [0x00000000eab00000, 0x00000000f3e00000, 0x0000000100000000)
  eden space 95744K, 20% used [0x00000000eab00000,0x00000000ebe64650,0x00000000f0880000)
  from space 15872K, 90% used [0x00000000f0880000,0x00000000f168f9d8,0x00000000f1800000)
  to   space 17920K, 0% used [0x00000000f2c80000,0x00000000f2c80000,0x00000000f3e00000)
 ParOldGen       total 69632K, used 57623K [0x00000000c0000000, 0x00000000c4400000, 0x00000000eab00000)
  object space 69632K, 82% used [0x00000000c0000000,0x00000000c3845d70,0x00000000c4400000)
 Metaspace       used 5771K, capacity 7024K, committed 7296K, reserved 1056768K
  class space    used 571K, capacity 616K, committed 640K, reserved 1048576K
GC Heap History (10 events):
Event: 5.868 GC heap before
{Heap before GC invocations=18 (full 0):
 PSYoungGen      total 55808K, used 55776K [0x00000000eab00000, 0x00000000f0200000, 0x0000000100000000)
  eden space 49664K, 100% used [0x00000000eab00000,0x00000000edb80000,0x00000000edb80000)
  from space 6144K, 99% used [0x00000000edb80000,0x00000000ee178010,0x00000000ee180000)
  to   space 9728K, 0% used [0x00000000ef880000,0x00000000ef880000,0x00000000f0200000)
 ParOldGen       total 59904K, used 26467K [0x00000000c0000000, 0x00000000c3a80000, 0x00000000eab00000)
  object space 59904K, 44% used [0x00000000c0000000,0x00000000c19d8e10,0x00000000c3a80000)
 Metaspace       used 5642K, capacity 6960K, committed 7040K, reserved 1056768K
  class space    used 552K, capacity 616K, committed 640K, reserved 1048576K
Event: 5.905 GC heap after
Heap after GC invocations=18 (full 0):
 PSYoungGen      total 78336K, used 7866K [0x00000000eab00000, 0x00000000f0400000, 0x0000000100000000)
  eden space 68608K, 0% used [0x00000000eab00000,0x00000000eab00000,0x00000000eee00000)
  from space 9728K, 80% used [0x00000000ef880000,0x00000000f002ea08,0x00000000f0200000)
  to   space 10752K, 0% used [0x00000000eee00000,0x00000000eee00000,0x00000000ef880000)
 ParOldGen       total 59904K, used 32585K [0x00000000c0000000, 0x00000000c3a80000, 0x00000000eab00000)
  object space 59904K, 54% used [0x00000000c0000000,0x00000000c1fd27c0,0x00000000c3a80000)
 Metaspace       used 5642K, capacity 6960K, committed 7040K, reserved 1056768K
  class space    used 552K, capacity 616K, committed 640K, reserved 1048576K
}
Event: 7.230 GC heap before
{Heap before GC invocations=19 (full 0):
 PSYoungGen      total 78336K, used 76474K [0x00000000eab00000, 0x00000000f0400000, 0x0000000100000000)
  eden space 68608K, 100% used [0x00000000eab00000,0x00000000eee00000,0x00000000eee00000)
  from space 9728K, 80% used [0x00000000ef880000,0x00000000f002ea08,0x00000000f0200000)
  to   space 10752K, 0% used [0x00000000eee00000,0x00000000eee00000,0x00000000ef880000)
 ParOldGen       total 59904K, used 32585K [0x00000000c0000000, 0x00000000c3a80000, 0x00000000eab00000)
  object space 59904K, 54% used [0x00000000c0000000,0x00000000c1fd27c0,0x00000000c3a80000)
 Metaspace       used 5756K, capacity 7024K, committed 7296K, reserved 1056768K
  class space    used 571K, capacity 616K, committed 640K, reserved 1048576K
Event: 7.345 GC heap after
Heap after GC invocations=19 (full 0):
 PSYoungGen      total 79360K, used 10738K [0x00000000eab00000, 0x00000000f2700000, 0x0000000100000000)
  eden space 68608K, 0% used [0x00000000eab00000,0x00000000eab00000,0x00000000eee00000)
  from space 10752K, 99% used [0x00000000eee00000,0x00000000ef87c848,0x00000000ef880000)
  to   space 15360K, 0% used [0x00000000f1800000,0x00000000f1800000,0x00000000f2700000)
 ParOldGen       total 59904K, used 40420K [0x00000000c0000000, 0x00000000c3a80000, 0x00000000eab00000)
  object space 59904K, 67% used [0x00000000c0000000,0x00000000c2779048,0x00000000c3a80000)
 Metaspace       used 5756K, capacity 7024K, committed 7296K, reserved 1056768K
  class space    used 571K, capacity 616K, committed 640K, reserved 1048576K
}
Event: 8.180 GC heap before
{Heap before GC invocations=20 (full 0):
 PSYoungGen      total 79360K, used 79346K [0x00000000eab00000, 0x00000000f2700000, 0x0000000100000000)
  eden space 68608K, 100% used [0x00000000eab00000,0x00000000eee00000,0x00000000eee00000)
  from space 10752K, 99% used [0x00000000eee00000,0x00000000ef87c848,0x00000000ef880000)
  to   space 15360K, 0% used [0x00000000f1800000,0x00000000f1800000,0x00000000f2700000)
 ParOldGen       total 59904K, used 40420K [0x00000000c0000000, 0x00000000c3a80000, 0x00000000eab00000)
  object space 59904K, 67% used [0x00000000c0000000,0x00000000c2779048,0x00000000c3a80000)
 Metaspace       used 5762K, capacity 7024K, committed 7296K, reserved 1056768K
  class space    used 571K, capacity 616K, committed 640K, reserved 1048576K
Event: 8.302 GC heap after
Heap after GC invocations=20 (full 0):
 PSYoungGen      total 111104K, used 9629K [0x00000000eab00000, 0x00000000f2800000, 0x0000000100000000)
  eden space 95744K, 0% used [0x00000000eab00000,0x00000000eab00000,0x00000000f0880000)
  from space 15360K, 62% used [0x00000000f1800000,0x00000000f2167680,0x00000000f2700000)
  to   space 15872K, 0% used [0x00000000f0880000,0x00000000f0880000,0x00000000f1800000)
 ParOldGen       total 59904K, used 51127K [0x00000000c0000000, 0x00000000c3a80000, 0x00000000eab00000)
  object space 59904K, 85% used [0x00000000c0000000,0x00000000c31ede08,0x00000000c3a80000)
 Metaspace       used 5762K, capacity 7024K, committed 7296K, reserved 1056768K
  class space    used 571K, capacity 616K, committed 640K, reserved 1048576K
}
Event: 8.302 GC heap before
{Heap before GC invocations=21 (full 1):
 PSYoungGen      total 111104K, used 9629K [0x00000000eab00000, 0x00000000f2800000, 0x0000000100000000)
  eden space 95744K, 0% used [0x00000000eab00000,0x00000000eab00000,0x00000000f0880000)
  from space 15360K, 62% used [0x00000000f1800000,0x00000000f2167680,0x00000000f2700000)
  to   space 15872K, 0% used [0x00000000f0880000,0x00000000f0880000,0x00000000f1800000)
 ParOldGen       total 59904K, used 51127K [0x00000000c0000000, 0x00000000c3a80000, 0x00000000eab00000)
  object space 59904K, 85% used [0x00000000c0000000,0x00000000c31ede08,0x00000000c3a80000)
 Metaspace       used 5762K, capacity 7024K, committed 7296K, reserved 1056768K
  class space    used 571K, capacity 616K, committed 640K, reserved 1048576K
Event: 8.974 GC heap after
Heap after GC invocations=21 (full 1):
 PSYoungGen      total 111104K, used 0K [0x00000000eab00000, 0x00000000f2800000, 0x0000000100000000)
  eden space 95744K, 0% used [0x00000000eab00000,0x00000000eab00000,0x00000000f0880000)
  from space 15360K, 0% used [0x00000000f1800000,0x00000000f1800000,0x00000000f2700000)
  to   space 15872K, 0% used [0x00000000f0880000,0x00000000f0880000,0x00000000f1800000)
 ParOldGen       total 69632K, used 57623K [0x00000000c0000000, 0x00000000c4400000, 0x00000000eab00000)
  object space 69632K, 82% used [0x00000000c0000000,0x00000000c3845d70,0x00000000c4400000)
 Metaspace       used 5762K, capacity 7024K, committed 7296K, reserved 1056768K
  class space    used 571K, capacity 616K, committed 640K, reserved 1048576K
}
Event: 10.236 GC heap before
{Heap before GC invocations=22 (full 1):
 PSYoungGen      total 111104K, used 95744K [0x00000000eab00000, 0x00000000f2800000, 0x0000000100000000)
  eden space 95744K, 100% used [0x00000000eab00000,0x00000000f0880000,0x00000000f0880000)
  from space 15360K, 0% used [0x00000000f1800000,0x00000000f1800000,0x00000000f2700000)
  to   space 15872K, 0% used [0x00000000f0880000,0x00000000f0880000,0x00000000f1800000)
 ParOldGen       total 69632K, used 57623K [0x00000000c0000000, 0x00000000c4400000, 0x00000000eab00000)
  object space 69632K, 82% used [0x00000000c0000000,0x00000000c3845d70,0x00000000c4400000)
 Metaspace       used 5767K, capacity 7024K, committed 7296K, reserved 1056768K
  class space    used 571K, capacity 616K, committed 640K, reserved 1048576K
Event: 10.329 GC heap after
Heap after GC invocations=22 (full 1):
 PSYoungGen      total 111616K, used 14398K [0x00000000eab00000, 0x00000000f3e00000, 0x0000000100000000)
  eden space 95744K, 0% used [0x00000000eab00000,0x00000000eab00000,0x00000000f0880000)
  from space 15872K, 90% used [0x00000000f0880000,0x00000000f168f9d8,0x00000000f1800000)
  to   space 17920K, 0% used [0x00000000f2c80000,0x00000000f2c80000,0x00000000f3e00000)
 ParOldGen       total 69632K, used 57623K [0x00000000c0000000, 0x00000000c4400000, 0x00000000eab00000)
  object space 69632K, 82% used [0x00000000c0000000,0x00000000c3845d70,0x00000000c4400000)
 Metaspace       used 5767K, capacity 7024K, committed 7296K, reserved 1056768K
  class space    used 571K, capacity 616K, committed 640K, reserved 1048576K
}

